2024-04-10 17:49:40.882 [main] DEBUG com.hotcoin.api.utils.ConnectionFactory-RequestURL=https://hkdevapi.hotcx.com/v1/balance?SignatureVersion=2&SignatureMethod=HmacSHA256&Timestamp=2024-04-10T09%3A49%3A39.761Z&AccessKeyId=2da0511c0c404451b04d32c4e27c65f0&Signature=v8ZUQSAlCZK8Vk3b9DAwhEBFW2cuqUIirRr9gNHqE%2Bs%3D
2024-04-10 17:49:40.921 [main] ERROR com.hotcoin.api.utils.ConnectionFactory-Execute Exception
java.net.SocketException: Connection refused (Connection refused)
	at java.net.SocksSocketImpl.connect(SocksSocketImpl.java:435)
	at java.net.Socket.connect(Socket.java:589)
	at okhttp3.internal.platform.Platform.connectSocket(Platform.kt:128)
	at okhttp3.internal.connection.RealConnection.connectSocket(RealConnection.kt:295)
	at okhttp3.internal.connection.RealConnection.connect(RealConnection.kt:207)
	at okhttp3.internal.connection.ExchangeFinder.findConnection(ExchangeFinder.kt:226)
	at okhttp3.internal.connection.ExchangeFinder.findHealthyConnection(ExchangeFinder.kt:106)
	at okhttp3.internal.connection.ExchangeFinder.find(ExchangeFinder.kt:74)
	at okhttp3.internal.connection.RealCall.initExchange$okhttp(RealCall.kt:255)
	at okhttp3.internal.connection.ConnectInterceptor.intercept(ConnectInterceptor.kt:32)
	at okhttp3.internal.http.RealInterceptorChain.proceed(RealInterceptorChain.kt:109)
	at okhttp3.internal.cache.CacheInterceptor.intercept(CacheInterceptor.kt:95)
	at okhttp3.internal.http.RealInterceptorChain.proceed(RealInterceptorChain.kt:109)
	at okhttp3.internal.http.BridgeInterceptor.intercept(BridgeInterceptor.kt:83)
	at okhttp3.internal.http.RealInterceptorChain.proceed(RealInterceptorChain.kt:109)
	at okhttp3.internal.http.RetryAndFollowUpInterceptor.intercept(RetryAndFollowUpInterceptor.kt:76)
	at okhttp3.internal.http.RealInterceptorChain.proceed(RealInterceptorChain.kt:109)
	at okhttp3.internal.connection.RealCall.getResponseWithInterceptorChain$okhttp(RealCall.kt:201)
	at okhttp3.internal.connection.RealCall.execute(RealCall.kt:154)
	at com.hotcoin.api.utils.ConnectionFactory.execute(ConnectionFactory.java:70)
	at com.hotcoin.api.utils.HotcoinRestConnection.executeSignedGet(HotcoinRestConnection.java:62)
	at test.BalanceV1Example.main(BalanceV1Example.java:20)
